<?xml version="1.0" encoding="UTF-8"?>
<!-- Generated by org.testng.reporters.JUnitXMLReporter -->
<testsuite hostname="HaiYen-PC" ignored="0" name="Run on Chrome" tests="2" failures="0" timestamp="18 Apr 2021 15:22:37 GMT" time="45.333" errors="0">
  <testcase name="TC_02_Register_With_Wrong_Email" time="1.406" classname="com.nopcommerce.register.Register"/>
  <testcase name="TC_06_Register_With_Valid_Data" time="24.171" classname="com.nopcommerce.register.Register"/>
</testsuite> <!-- Run on Chrome -->
