<?xml version="1.0" encoding="UTF-8"?>
<!-- Generated by org.testng.reporters.JUnitXMLReporter -->
<testsuite hostname="HaiYen-PC" ignored="0" name="Default test" tests="6" failures="0" timestamp="30 Mar 2021 05:01:48 GMT" time="76.88" errors="0">
  <testcase name="Login_01_Empty_Email_And_Password" time="10.724" classname="com.liveguru.login.Level_03_Register_Login_Page_Object"/>
  <testcase name="Login_02_Invalid_Email" time="7.915" classname="com.liveguru.login.Level_03_Register_Login_Page_Object"/>
  <testcase name="Login_03_Invalid_Password" time="8.556" classname="com.liveguru.login.Level_03_Register_Login_Page_Object"/>
  <testcase name="Login_04_Incorrect_Email" time="15.03" classname="com.liveguru.login.Level_03_Register_Login_Page_Object"/>
  <testcase name="Login_05_Incorrect_Password" time="12.363" classname="com.liveguru.login.Level_03_Register_Login_Page_Object"/>
  <testcase name="Login_06_Valid_Email_And_Password" time="12.517" classname="com.liveguru.login.Level_03_Register_Login_Page_Object"/>
</testsuite> <!-- Default test -->
