<?xml version="1.0" encoding="UTF-8"?>
<!-- Generated by org.testng.reporters.JUnitXMLReporter -->
<testsuite hostname="HaiYen-PC" ignored="0" name="Run on Firefox" tests="6" failures="0" timestamp="30 Mar 2021 07:40:24 GMT" time="72.103" errors="0">
  <testcase name="Login_01_Empty_Email_And_Password" time="8.902" classname="com.liveguru.login.Level_04_Register_Login_Multiple_Browser"/>
  <testcase name="Login_02_Invalid_Email" time="6.178" classname="com.liveguru.login.Level_04_Register_Login_Multiple_Browser"/>
  <testcase name="Login_03_Invalid_Password" time="5.389" classname="com.liveguru.login.Level_04_Register_Login_Multiple_Browser"/>
  <testcase name="Login_04_Incorrect_Email" time="12.543" classname="com.liveguru.login.Level_04_Register_Login_Multiple_Browser"/>
  <testcase name="Login_05_Incorrect_Password" time="14.977" classname="com.liveguru.login.Level_04_Register_Login_Multiple_Browser"/>
  <testcase name="Login_06_Valid_Email_And_Password" time="9.236" classname="com.liveguru.login.Level_04_Register_Login_Multiple_Browser"/>
</testsuite> <!-- Run on Firefox -->
