<?xml version="1.0" encoding="UTF-8"?>
<!-- Generated by org.testng.reporters.JUnitXMLReporter -->
<testsuite hostname="HaiYen-PC" ignored="0" name="Run on Chrome" tests="2" failures="0" timestamp="04 Apr 2021 16:49:29 GMT" time="15.773" errors="0">
  <testcase name="Login_01_Register_To_System" time="7.243" classname="com.nopcommerce.login.Level_03_Register_Login_Page_Object"/>
  <testcase name="Login_02_Login_To_System" time="2.605" classname="com.nopcommerce.login.Level_03_Register_Login_Page_Object"/>
</testsuite> <!-- Run on Chrome -->
