<?xml version="1.0" encoding="UTF-8"?>
<testng-results skipped="0" failed="0" ignored="0" total="2" passed="2">
  <reporter-output>
  </reporter-output>
  <suite name="Nop Commerce" duration-ms="43834" started-at="2021-04-05T18:58:52Z" finished-at="2021-04-05T18:59:36Z">
    <groups>
    </groups>
    <test name="Run on Chrome" duration-ms="43834" started-at="2021-04-05T18:58:52Z" finished-at="2021-04-05T18:59:36Z">
      <class name="com.nopcommerce.register.Register">
        <test-method status="PASS" signature="beforeClass(java.lang.String, java.lang.String)[pri:0, instance:com.nopcommerce.register.Register@4f933fd1]" name="beforeClass" is-config="true" duration-ms="27643" started-at="2021-04-05T18:58:52Z" finished-at="2021-04-05T18:59:20Z">
          <params>
            <param index="0">
              <value>
                <![CDATA[chrome]]>
              </value>
            </param>
            <param index="1">
              <value>
                <![CDATA[https://demo.nopcommerce.com/]]>
              </value>
            </param>
          </params>
          <reporter-output>
          </reporter-output>
        </test-method> <!-- beforeClass -->
        <test-method status="PASS" signature="TC_02_Register_With_Wrong_Email()[pri:0, instance:com.nopcommerce.register.Register@4f933fd1]" name="TC_02_Register_With_Wrong_Email" duration-ms="4249" started-at="2021-04-05T18:59:20Z" finished-at="2021-04-05T18:59:24Z">
          <reporter-output>
          </reporter-output>
        </test-method> <!-- TC_02_Register_With_Wrong_Email -->
        <test-method status="PASS" signature="TC_03_Register_With_Existing_Email()[pri:0, instance:com.nopcommerce.register.Register@4f933fd1]" name="TC_03_Register_With_Existing_Email" duration-ms="11036" started-at="2021-04-05T18:59:24Z" finished-at="2021-04-05T18:59:35Z">
          <reporter-output>
          </reporter-output>
        </test-method> <!-- TC_03_Register_With_Existing_Email -->
        <test-method status="PASS" signature="cleanBrowser()[pri:0, instance:com.nopcommerce.register.Register@4f933fd1]" name="cleanBrowser" is-config="true" duration-ms="883" started-at="2021-04-05T18:59:35Z" finished-at="2021-04-05T18:59:36Z">
          <reporter-output>
          </reporter-output>
        </test-method> <!-- cleanBrowser -->
      </class> <!-- com.nopcommerce.register.Register -->
    </test> <!-- Run on Chrome -->
  </suite> <!-- Nop Commerce -->
</testng-results>
